2019-10-30 11:42:43.154 +05:30 [Information] No database update is required.
2019-10-30 12:50:00.635 +05:30 [Information] Entered into UserProfileController
2019-10-30 12:50:00.697 +05:30 [Information] Entered into GetUserProfileStatus method in UserProfileController
2019-10-30 12:50:01.078 +05:30 [Information] Returning result from GetUserProfileStatus method in UserProfileController
2019-10-30 12:50:01.138 +05:30 [Information] Entered into TokenController
2019-10-30 12:50:01.162 +05:30 [Information] Entered into RequestToken method in TokenController
2019-10-30 12:50:01.367 +05:30 [Information] Returning result from RequestToken method in TokenController
2019-10-30 12:50:01.444 +05:30 [Information] Entered into TokenRefreshController
2019-10-30 12:50:01.454 +05:30 [Information] Entered into RequestToken method in TokenRefreshController
2019-10-30 12:50:01.487 +05:30 [Information] Returning result from RequestToken method in TokenRefreshController
2019-10-30 12:50:03.630 +05:30 [Information] Entered into UserProfileController
2019-10-30 12:50:03.684 +05:30 [Information] Returning result from GetUserBasicProfileByUserId method in UserAccountController
2019-10-30 12:50:04.469 +05:30 [Information] Entered into UserAccountController
2019-10-30 12:50:04.480 +05:30 [Information] Entered into CheckIsRejected method in UserAccountController
2019-10-30 12:50:04.496 +05:30 [Information] Entered into UserAccountController
2019-10-30 12:50:04.496 +05:30 [Information] Entered into UserAccountController
2019-10-30 12:50:04.496 +05:30 [Information] Entered into CheckIsRejected method in UserAccountController
2019-10-30 12:50:04.496 +05:30 [Information] Entered into CheckIsRejected method in UserAccountController
2019-10-30 12:50:04.507 +05:30 [Information] Returning result from CheckIsRejected method in UserAccountController
2019-10-30 12:50:04.507 +05:30 [Information] Returning result from CheckIsRejected method in UserAccountController
2019-10-30 12:50:04.508 +05:30 [Information] Returning result from CheckIsRejected method in UserAccountController
2019-10-30 12:50:04.720 +05:30 [Information] Entered into UserRolesController
2019-10-30 12:50:04.721 +05:30 [Information] Entered into GetUserRoleAssignments based on userID method in UserRolesController
2019-10-30 12:50:04.746 +05:30 [Information] Returning result from GetUserRoleAssignments based on userID method in UserRolesController
2019-10-30 12:50:04.923 +05:30 [Information] Entered into UserAccountController
2019-10-30 12:50:04.923 +05:30 [Information] Entered into CheckIsRejected method in UserAccountController
2019-10-30 12:50:04.925 +05:30 [Information] Returning result from CheckIsRejected method in UserAccountController
2019-10-30 12:50:04.943 +05:30 [Information] Entered into UserRolesController
2019-10-30 12:50:04.943 +05:30 [Information] Entered into GetUserRoleAssignments based on userID method in UserRolesController
2019-10-30 12:50:04.945 +05:30 [Information] Returning result from GetUserRoleAssignments based on userID method in UserRolesController
2019-10-30 12:50:05.315 +05:30 [Information] Entered into UserAccountController
2019-10-30 12:50:05.315 +05:30 [Information] Entered into CheckIsRejected method in UserAccountController
2019-10-30 12:50:05.328 +05:30 [Information] Returning result from CheckIsRejected method in UserAccountController
2019-10-30 12:50:05.358 +05:30 [Information] Entered into UserRolesController
2019-10-30 12:50:05.358 +05:30 [Information] Entered into GetUserRoleAssignments based on userID method in UserRolesController
2019-10-30 12:50:05.366 +05:30 [Information] Returning result from GetUserRoleAssignments based on userID method in UserRolesController
2019-10-30 12:50:37.908 +05:30 [Information] Entered into UserProfileController
2019-10-30 12:50:37.908 +05:30 [Information] Entered into GetUserProfileStatus method in UserProfileController
2019-10-30 12:50:37.919 +05:30 [Information] Returning result from GetUserProfileStatus method in UserProfileController
2019-10-30 12:50:37.938 +05:30 [Information] Entered into TokenController
2019-10-30 12:50:37.938 +05:30 [Information] Entered into RequestToken method in TokenController
2019-10-30 12:50:37.956 +05:30 [Information] Returning result from RequestToken method in TokenController
2019-10-30 12:50:37.995 +05:30 [Information] Entered into TokenRefreshController
2019-10-30 12:50:37.998 +05:30 [Information] Entered into RequestToken method in TokenRefreshController
2019-10-30 12:50:38.028 +05:30 [Information] Returning result from RequestToken method in TokenRefreshController
2019-10-30 12:50:40.155 +05:30 [Information] Entered into UserProfileController
2019-10-30 12:50:40.166 +05:30 [Information] Returning result from GetUserBasicProfileByUserId method in UserAccountController
2019-10-30 12:50:40.239 +05:30 [Information] Entered into UserAccountController
2019-10-30 12:50:40.239 +05:30 [Information] Entered into UserAccountController
2019-10-30 12:50:40.239 +05:30 [Information] Entered into UserAccountController
2019-10-30 12:50:40.239 +05:30 [Information] Entered into CheckIsRejected method in UserAccountController
2019-10-30 12:50:40.239 +05:30 [Information] Entered into CheckIsRejected method in UserAccountController
2019-10-30 12:50:40.239 +05:30 [Information] Entered into CheckIsRejected method in UserAccountController
2019-10-30 12:50:40.243 +05:30 [Information] Returning result from CheckIsRejected method in UserAccountController
2019-10-30 12:50:40.243 +05:30 [Information] Returning result from CheckIsRejected method in UserAccountController
2019-10-30 12:50:40.243 +05:30 [Information] Returning result from CheckIsRejected method in UserAccountController
2019-10-30 12:50:40.277 +05:30 [Information] Entered into UserRolesController
2019-10-30 12:50:40.277 +05:30 [Information] Entered into GetUserRoleAssignments based on userID method in UserRolesController
2019-10-30 12:50:40.283 +05:30 [Information] Returning result from GetUserRoleAssignments based on userID method in UserRolesController
2019-10-30 12:50:40.304 +05:30 [Information] Entered into UserAccountController
2019-10-30 12:50:40.304 +05:30 [Information] Entered into CheckIsRejected method in UserAccountController
2019-10-30 12:50:40.306 +05:30 [Information] Returning result from CheckIsRejected method in UserAccountController
2019-10-30 12:50:40.318 +05:30 [Information] Entered into UserRolesController
2019-10-30 12:50:40.318 +05:30 [Information] Entered into GetUserRoleAssignments based on userID method in UserRolesController
2019-10-30 12:50:40.323 +05:30 [Information] Returning result from GetUserRoleAssignments based on userID method in UserRolesController
2019-10-30 12:50:40.873 +05:30 [Information] Entered into UserAccountController
2019-10-30 12:50:40.873 +05:30 [Information] Entered into CheckIsRejected method in UserAccountController
2019-10-30 12:50:40.875 +05:30 [Information] Returning result from CheckIsRejected method in UserAccountController
2019-10-30 12:50:40.883 +05:30 [Information] Entered into UserRolesController
2019-10-30 12:50:40.883 +05:30 [Information] Entered into GetUserRoleAssignments based on userID method in UserRolesController
2019-10-30 12:50:40.887 +05:30 [Information] Returning result from GetUserRoleAssignments based on userID method in UserRolesController
2019-10-30 13:01:54.849 +05:30 [Information] Entered into UserAccountController
2019-10-30 13:01:54.849 +05:30 [Information] Entered into UserAccountController
2019-10-30 13:01:54.849 +05:30 [Information] Entered into UserAccountController
2019-10-30 13:01:54.849 +05:30 [Information] Entered into UserProfileController
2019-10-30 13:01:54.850 +05:30 [Information] Entered into CheckIsRejected method in UserAccountController
2019-10-30 13:01:54.850 +05:30 [Information] Entered into CheckIsRejected method in UserAccountController
2019-10-30 13:01:54.850 +05:30 [Information] Entered into CheckIsRejected method in UserAccountController
2019-10-30 13:01:54.853 +05:30 [Information] Returning result from CheckIsRejected method in UserAccountController
2019-10-30 13:01:54.853 +05:30 [Information] Returning result from CheckIsRejected method in UserAccountController
2019-10-30 13:01:54.854 +05:30 [Information] Returning result from CheckIsRejected method in UserAccountController
2019-10-30 13:01:54.899 +05:30 [Information] Entered into UserRolesController
2019-10-30 13:01:54.899 +05:30 [Information] Entered into GetUserRoleAssignments based on userID method in UserRolesController
2019-10-30 13:01:54.950 +05:30 [Information] Returning result from GetUserBasicProfileByUserId method in UserAccountController
2019-10-30 13:01:54.965 +05:30 [Information] Returning result from GetUserRoleAssignments based on userID method in UserRolesController
2019-10-30 13:01:54.966 +05:30 [Information] Entered into UserAccountController
2019-10-30 13:01:54.966 +05:30 [Information] Entered into CheckIsRejected method in UserAccountController
2019-10-30 13:01:54.978 +05:30 [Information] Returning result from CheckIsRejected method in UserAccountController
2019-10-30 13:01:55.009 +05:30 [Information] Entered into UserRolesController
2019-10-30 13:01:55.009 +05:30 [Information] Entered into GetUserRoleAssignments based on userID method in UserRolesController
2019-10-30 13:01:55.017 +05:30 [Information] Returning result from GetUserRoleAssignments based on userID method in UserRolesController
2019-10-30 13:01:55.719 +05:30 [Information] Entered into UserAccountController
2019-10-30 13:01:55.719 +05:30 [Information] Entered into CheckIsRejected method in UserAccountController
2019-10-30 13:01:55.725 +05:30 [Information] Returning result from CheckIsRejected method in UserAccountController
2019-10-30 13:01:55.746 +05:30 [Information] Entered into UserRolesController
2019-10-30 13:01:55.746 +05:30 [Information] Entered into GetUserRoleAssignments based on userID method in UserRolesController
2019-10-30 13:01:55.753 +05:30 [Information] Returning result from GetUserRoleAssignments based on userID method in UserRolesController
2019-10-30 13:13:48.886 +05:30 [Information] Entered into UserProfileController
2019-10-30 13:13:49.028 +05:30 [Information] Entered into UserAccountController
2019-10-30 13:13:49.029 +05:30 [Information] Entered into CheckIsRejected method in UserAccountController
2019-10-30 13:13:49.085 +05:30 [Information] Returning result from GetUserBasicProfileByUserId method in UserAccountController
2019-10-30 13:13:49.104 +05:30 [Information] Entered into UserAccountController
2019-10-30 13:13:49.111 +05:30 [Information] Entered into CheckIsRejected method in UserAccountController
2019-10-30 13:13:49.112 +05:30 [Information] Entered into UserAccountController
2019-10-30 13:13:49.112 +05:30 [Information] Entered into CheckIsRejected method in UserAccountController
2019-10-30 13:13:49.121 +05:30 [Information] Returning result from CheckIsRejected method in UserAccountController
2019-10-30 13:13:49.142 +05:30 [Information] Returning result from CheckIsRejected method in UserAccountController
2019-10-30 13:13:49.144 +05:30 [Information] Returning result from CheckIsRejected method in UserAccountController
2019-10-30 13:13:49.150 +05:30 [Information] Entered into UserRolesController
2019-10-30 13:13:49.150 +05:30 [Information] Entered into GetUserRoleAssignments based on userID method in UserRolesController
2019-10-30 13:13:49.156 +05:30 [Information] Returning result from GetUserRoleAssignments based on userID method in UserRolesController
2019-10-30 13:13:49.254 +05:30 [Information] Entered into UserAccountController
2019-10-30 13:13:49.254 +05:30 [Information] Entered into CheckIsRejected method in UserAccountController
2019-10-30 13:13:49.264 +05:30 [Information] Returning result from CheckIsRejected method in UserAccountController
2019-10-30 13:13:49.299 +05:30 [Information] Entered into UserRolesController
2019-10-30 13:13:49.299 +05:30 [Information] Entered into GetUserRoleAssignments based on userID method in UserRolesController
2019-10-30 13:13:49.309 +05:30 [Information] Returning result from GetUserRoleAssignments based on userID method in UserRolesController
2019-10-30 13:13:50.089 +05:30 [Information] Entered into UserAccountController
2019-10-30 13:13:50.089 +05:30 [Information] Entered into CheckIsRejected method in UserAccountController
2019-10-30 13:13:50.096 +05:30 [Information] Returning result from CheckIsRejected method in UserAccountController
2019-10-30 13:13:50.127 +05:30 [Information] Entered into UserRolesController
2019-10-30 13:13:50.128 +05:30 [Information] Entered into GetUserRoleAssignments based on userID method in UserRolesController
2019-10-30 13:13:50.135 +05:30 [Information] Returning result from GetUserRoleAssignments based on userID method in UserRolesController
2019-10-30 13:16:43.277 +05:30 [Information] Entered into UserProfileController
2019-10-30 13:16:43.385 +05:30 [Information] Returning result from GetUserBasicProfileByUserId method in UserAccountController
2019-10-30 13:16:43.389 +05:30 [Information] Entered into UserAccountController
2019-10-30 13:16:43.390 +05:30 [Information] Entered into CheckIsRejected method in UserAccountController
2019-10-30 13:16:43.392 +05:30 [Information] Entered into UserAccountController
2019-10-30 13:16:43.393 +05:30 [Information] Entered into CheckIsRejected method in UserAccountController
2019-10-30 13:16:43.394 +05:30 [Information] Returning result from CheckIsRejected method in UserAccountController
2019-10-30 13:16:43.396 +05:30 [Information] Entered into UserAccountController
2019-10-30 13:16:43.397 +05:30 [Information] Entered into CheckIsRejected method in UserAccountController
2019-10-30 13:16:43.399 +05:30 [Information] Returning result from CheckIsRejected method in UserAccountController
2019-10-30 13:16:43.401 +05:30 [Information] Returning result from CheckIsRejected method in UserAccountController
2019-10-30 13:16:43.430 +05:30 [Information] Entered into UserRolesController
2019-10-30 13:16:43.431 +05:30 [Information] Entered into GetUserRoleAssignments based on userID method in UserRolesController
2019-10-30 13:16:43.437 +05:30 [Information] Returning result from GetUserRoleAssignments based on userID method in UserRolesController
2019-10-30 13:16:43.449 +05:30 [Information] Entered into UserAccountController
2019-10-30 13:16:43.449 +05:30 [Information] Entered into CheckIsRejected method in UserAccountController
2019-10-30 13:16:43.459 +05:30 [Information] Returning result from CheckIsRejected method in UserAccountController
2019-10-30 13:16:43.471 +05:30 [Information] Entered into UserRolesController
2019-10-30 13:16:43.471 +05:30 [Information] Entered into GetUserRoleAssignments based on userID method in UserRolesController
2019-10-30 13:16:43.473 +05:30 [Information] Returning result from GetUserRoleAssignments based on userID method in UserRolesController
2019-10-30 13:16:44.073 +05:30 [Information] Entered into UserAccountController
2019-10-30 13:16:44.074 +05:30 [Information] Entered into CheckIsRejected method in UserAccountController
2019-10-30 13:16:44.080 +05:30 [Information] Returning result from CheckIsRejected method in UserAccountController
2019-10-30 13:16:44.098 +05:30 [Information] Entered into UserRolesController
2019-10-30 13:16:44.098 +05:30 [Information] Entered into GetUserRoleAssignments based on userID method in UserRolesController
2019-10-30 13:16:44.104 +05:30 [Information] Returning result from GetUserRoleAssignments based on userID method in UserRolesController
2019-10-30 13:17:16.457 +05:30 [Information] Entered into UserProfileController
2019-10-30 13:17:16.457 +05:30 [Information] Entered into GetUserProfileStatus method in UserProfileController
2019-10-30 13:17:16.464 +05:30 [Information] Returning result from GetUserProfileStatus method in UserProfileController
2019-10-30 13:17:16.485 +05:30 [Information] Entered into TokenController
2019-10-30 13:17:16.492 +05:30 [Information] Entered into RequestToken method in TokenController
2019-10-30 13:17:16.887 +05:30 [Information] Returning result from RequestToken method in TokenController
2019-10-30 13:17:16.933 +05:30 [Information] Entered into TokenRefreshController
2019-10-30 13:17:16.933 +05:30 [Information] Entered into RequestToken method in TokenRefreshController
2019-10-30 13:17:16.957 +05:30 [Information] Returning result from RequestToken method in TokenRefreshController
2019-10-30 13:17:19.546 +05:30 [Information] Entered into UserProfileController
2019-10-30 13:17:19.560 +05:30 [Information] Returning result from GetUserBasicProfileByUserId method in UserAccountController
2019-10-30 13:17:19.608 +05:30 [Information] Entered into UserAccountController
2019-10-30 13:17:19.609 +05:30 [Information] Entered into UserAccountController
2019-10-30 13:17:19.609 +05:30 [Information] Entered into CheckIsRejected method in UserAccountController
2019-10-30 13:17:19.609 +05:30 [Information] Entered into CheckIsRejected method in UserAccountController
2019-10-30 13:17:19.632 +05:30 [Information] Returning result from CheckIsRejected method in UserAccountController
2019-10-30 13:17:19.632 +05:30 [Information] Returning result from CheckIsRejected method in UserAccountController
2019-10-30 13:17:19.633 +05:30 [Information] Entered into UserAccountController
2019-10-30 13:17:19.634 +05:30 [Information] Entered into CheckIsRejected method in UserAccountController
2019-10-30 13:17:19.639 +05:30 [Information] Returning result from CheckIsRejected method in UserAccountController
2019-10-30 13:17:19.656 +05:30 [Information] Entered into UserRolesController
2019-10-30 13:17:19.656 +05:30 [Information] Entered into GetUserRoleAssignments based on userID method in UserRolesController
2019-10-30 13:17:19.665 +05:30 [Information] Returning result from GetUserRoleAssignments based on userID method in UserRolesController
2019-10-30 13:17:19.697 +05:30 [Information] Entered into UserAccountController
2019-10-30 13:17:19.697 +05:30 [Information] Entered into CheckIsRejected method in UserAccountController
2019-10-30 13:17:19.700 +05:30 [Information] Returning result from CheckIsRejected method in UserAccountController
2019-10-30 13:17:19.709 +05:30 [Information] Entered into UserRolesController
2019-10-30 13:17:19.710 +05:30 [Information] Entered into GetUserRoleAssignments based on userID method in UserRolesController
2019-10-30 13:17:19.711 +05:30 [Information] Returning result from GetUserRoleAssignments based on userID method in UserRolesController
2019-10-30 13:17:20.400 +05:30 [Information] Entered into UserAccountController
2019-10-30 13:17:20.400 +05:30 [Information] Entered into CheckIsRejected method in UserAccountController
2019-10-30 13:17:20.402 +05:30 [Information] Returning result from CheckIsRejected method in UserAccountController
2019-10-30 13:17:20.554 +05:30 [Information] Entered into UserRolesController
2019-10-30 13:17:20.555 +05:30 [Information] Entered into GetUserRoleAssignments based on userID method in UserRolesController
2019-10-30 13:17:20.570 +05:30 [Information] Returning result from GetUserRoleAssignments based on userID method in UserRolesController
2019-10-30 13:52:18.064 +05:30 [Information] Entered into TokenRefreshController
2019-10-30 13:52:18.069 +05:30 [Information] Entered into RequestToken method in TokenRefreshController
2019-10-30 13:52:18.556 +05:30 [Information] Returning result from RequestToken method in TokenRefreshController
2019-10-30 13:52:26.737 +05:30 [Information] Entered into UserProfileController
2019-10-30 13:52:26.784 +05:30 [Information] Returning result from GetUserBasicProfileByUserId method in UserAccountController
2019-10-30 13:52:26.900 +05:30 [Information] Entered into UserAccountController
2019-10-30 13:52:26.900 +05:30 [Information] Entered into CheckIsRejected method in UserAccountController
2019-10-30 13:52:26.922 +05:30 [Information] Entered into UserAccountController
2019-10-30 13:52:26.922 +05:30 [Information] Entered into CheckIsRejected method in UserAccountController
2019-10-30 13:52:26.949 +05:30 [Information] Entered into UserAccountController
2019-10-30 13:52:26.949 +05:30 [Information] Entered into CheckIsRejected method in UserAccountController
2019-10-30 13:52:26.956 +05:30 [Information] Returning result from CheckIsRejected method in UserAccountController
2019-10-30 13:52:26.963 +05:30 [Information] Returning result from CheckIsRejected method in UserAccountController
2019-10-30 13:52:26.964 +05:30 [Information] Returning result from CheckIsRejected method in UserAccountController
2019-10-30 13:52:27.019 +05:30 [Information] Entered into UserRolesController
2019-10-30 13:52:27.020 +05:30 [Information] Entered into GetUserRoleAssignments based on userID method in UserRolesController
2019-10-30 13:52:27.033 +05:30 [Information] Entered into UserAccountController
2019-10-30 13:52:27.033 +05:30 [Information] Entered into CheckIsRejected method in UserAccountController
2019-10-30 13:52:27.036 +05:30 [Information] Returning result from CheckIsRejected method in UserAccountController
2019-10-30 13:52:27.037 +05:30 [Information] Returning result from GetUserRoleAssignments based on userID method in UserRolesController
2019-10-30 13:52:27.065 +05:30 [Information] Entered into UserRolesController
2019-10-30 13:52:27.065 +05:30 [Information] Entered into GetUserRoleAssignments based on userID method in UserRolesController
2019-10-30 13:52:27.068 +05:30 [Information] Returning result from GetUserRoleAssignments based on userID method in UserRolesController
2019-10-30 13:52:27.338 +05:30 [Information] Entered into UserAccountController
2019-10-30 13:52:27.338 +05:30 [Information] Entered into CheckIsRejected method in UserAccountController
2019-10-30 13:52:27.341 +05:30 [Information] Returning result from CheckIsRejected method in UserAccountController
2019-10-30 13:52:27.363 +05:30 [Information] Entered into UserRolesController
2019-10-30 13:52:27.363 +05:30 [Information] Entered into GetUserRoleAssignments based on userID method in UserRolesController
2019-10-30 13:52:27.371 +05:30 [Information] Returning result from GetUserRoleAssignments based on userID method in UserRolesController
2019-10-30 13:58:50.790 +05:30 [Information] Entered into UserProfileController
2019-10-30 13:58:50.790 +05:30 [Information] Entered into GetUserProfileStatus method in UserProfileController
2019-10-30 13:58:50.819 +05:30 [Information] Returning result from GetUserProfileStatus method in UserProfileController
2019-10-30 13:58:50.852 +05:30 [Information] Entered into TokenController
2019-10-30 13:58:50.855 +05:30 [Information] Entered into RequestToken method in TokenController
2019-10-30 13:58:50.877 +05:30 [Information] Returning result from RequestToken method in TokenController
2019-10-30 13:58:50.920 +05:30 [Information] Entered into TokenRefreshController
2019-10-30 13:58:50.923 +05:30 [Information] Entered into RequestToken method in TokenRefreshController
2019-10-30 13:58:50.942 +05:30 [Information] Returning result from RequestToken method in TokenRefreshController
2019-10-30 13:58:53.342 +05:30 [Information] Entered into UserProfileController
2019-10-30 13:58:53.351 +05:30 [Information] Returning result from GetUserBasicProfileByUserId method in UserAccountController
2019-10-30 13:58:53.436 +05:30 [Information] Entered into UserAccountController
2019-10-30 13:58:53.440 +05:30 [Information] Entered into CheckIsRejected method in UserAccountController
2019-10-30 13:58:53.461 +05:30 [Information] Entered into UserAccountController
2019-10-30 13:58:53.461 +05:30 [Information] Entered into CheckIsRejected method in UserAccountController
2019-10-30 13:58:53.476 +05:30 [Information] Entered into UserAccountController
2019-10-30 13:58:53.476 +05:30 [Information] Entered into CheckIsRejected method in UserAccountController
2019-10-30 13:58:53.477 +05:30 [Information] Returning result from CheckIsRejected method in UserAccountController
2019-10-30 13:58:53.478 +05:30 [Information] Returning result from CheckIsRejected method in UserAccountController
2019-10-30 13:58:53.479 +05:30 [Information] Returning result from CheckIsRejected method in UserAccountController
2019-10-30 13:58:53.516 +05:30 [Information] Entered into UserRolesController
2019-10-30 13:58:53.516 +05:30 [Information] Entered into GetUserRoleAssignments based on userID method in UserRolesController
2019-10-30 13:58:53.521 +05:30 [Information] Returning result from GetUserRoleAssignments based on userID method in UserRolesController
2019-10-30 13:58:53.546 +05:30 [Information] Entered into UserAccountController
2019-10-30 13:58:53.547 +05:30 [Information] Entered into CheckIsRejected method in UserAccountController
2019-10-30 13:58:53.549 +05:30 [Information] Returning result from CheckIsRejected method in UserAccountController
2019-10-30 13:58:53.560 +05:30 [Information] Entered into UserRolesController
2019-10-30 13:58:53.560 +05:30 [Information] Entered into GetUserRoleAssignments based on userID method in UserRolesController
2019-10-30 13:58:53.562 +05:30 [Information] Returning result from GetUserRoleAssignments based on userID method in UserRolesController
2019-10-30 13:58:54.393 +05:30 [Information] Entered into UserAccountController
2019-10-30 13:58:54.393 +05:30 [Information] Entered into CheckIsRejected method in UserAccountController
2019-10-30 13:58:54.404 +05:30 [Information] Returning result from CheckIsRejected method in UserAccountController
2019-10-30 13:58:54.431 +05:30 [Information] Entered into UserRolesController
2019-10-30 13:58:54.431 +05:30 [Information] Entered into GetUserRoleAssignments based on userID method in UserRolesController
2019-10-30 13:58:54.440 +05:30 [Information] Returning result from GetUserRoleAssignments based on userID method in UserRolesController
2019-10-30 14:13:52.050 +05:30 [Information] Entered into TokenRefreshController
2019-10-30 14:13:52.057 +05:30 [Information] Entered into RequestToken method in TokenRefreshController
2019-10-30 14:13:52.169 +05:30 [Information] Returning result from RequestToken method in TokenRefreshController
2019-10-30 14:28:51.763 +05:30 [Information] Entered into TokenRefreshController
2019-10-30 14:28:51.771 +05:30 [Information] Entered into RequestToken method in TokenRefreshController
2019-10-30 14:28:51.805 +05:30 [Information] Returning result from RequestToken method in TokenRefreshController
2019-10-30 14:43:51.805 +05:30 [Information] Entered into TokenRefreshController
2019-10-30 14:43:51.806 +05:30 [Information] Entered into RequestToken method in TokenRefreshController
2019-10-30 14:43:51.826 +05:30 [Information] Returning result from RequestToken method in TokenRefreshController
