2019-10-31 13:00:08.382 +05:30 [Information] No database update is required.
2019-10-31 13:00:34.919 +05:30 [Information] Entered into UserProfileController
2019-10-31 13:00:34.981 +05:30 [Information] Entered into GetUserProfileStatus method in UserProfileController
2019-10-31 13:00:35.325 +05:30 [Information] Returning result from GetUserProfileStatus method in UserProfileController
2019-10-31 13:00:35.395 +05:30 [Information] Entered into TokenController
2019-10-31 13:00:35.422 +05:30 [Information] Entered into RequestToken method in TokenController
2019-10-31 13:00:35.638 +05:30 [Information] Returning result from RequestToken method in TokenController
2019-10-31 13:00:35.727 +05:30 [Information] Entered into TokenRefreshController
2019-10-31 13:00:35.739 +05:30 [Information] Entered into RequestToken method in TokenRefreshController
2019-10-31 13:00:35.781 +05:30 [Information] Returning result from RequestToken method in TokenRefreshController
2019-10-31 13:00:37.525 +05:30 [Information] Entered into UserProfileController
2019-10-31 13:00:37.571 +05:30 [Information] Returning result from GetUserBasicProfileByUserId method in UserAccountController
2019-10-31 13:00:38.045 +05:30 [Information] Entered into UserAccountController
2019-10-31 13:00:38.047 +05:30 [Information] Entered into CheckIsRejected method in UserAccountController
2019-10-31 13:00:38.091 +05:30 [Information] Returning result from CheckIsRejected method in UserAccountController
2019-10-31 13:00:38.092 +05:30 [Information] Entered into UserAccountController
2019-10-31 13:00:38.092 +05:30 [Information] Entered into CheckIsRejected method in UserAccountController
2019-10-31 13:00:38.132 +05:30 [Information] Returning result from CheckIsRejected method in UserAccountController
2019-10-31 13:00:38.135 +05:30 [Information] Entered into UserAccountController
2019-10-31 13:00:38.135 +05:30 [Information] Entered into CheckIsRejected method in UserAccountController
2019-10-31 13:00:38.140 +05:30 [Information] Returning result from CheckIsRejected method in UserAccountController
2019-10-31 13:00:38.381 +05:30 [Information] Entered into UserRolesController
2019-10-31 13:00:38.383 +05:30 [Information] Entered into GetUserRoleAssignments based on userID method in UserRolesController
2019-10-31 13:00:38.434 +05:30 [Information] Returning result from GetUserRoleAssignments based on userID method in UserRolesController
2019-10-31 13:00:38.651 +05:30 [Information] Entered into UserAccountController
2019-10-31 13:00:38.652 +05:30 [Information] Entered into CheckIsRejected method in UserAccountController
2019-10-31 13:00:38.663 +05:30 [Information] Returning result from CheckIsRejected method in UserAccountController
2019-10-31 13:00:38.697 +05:30 [Information] Entered into UserRolesController
2019-10-31 13:00:38.697 +05:30 [Information] Entered into GetUserRoleAssignments based on userID method in UserRolesController
2019-10-31 13:00:38.726 +05:30 [Information] Returning result from GetUserRoleAssignments based on userID method in UserRolesController
2019-10-31 13:00:39.592 +05:30 [Information] Entered into UserAccountController
2019-10-31 13:00:39.593 +05:30 [Information] Entered into CheckIsRejected method in UserAccountController
2019-10-31 13:00:39.610 +05:30 [Information] Returning result from CheckIsRejected method in UserAccountController
2019-10-31 13:00:39.787 +05:30 [Information] Entered into UserRolesController
2019-10-31 13:00:39.787 +05:30 [Information] Entered into GetUserRoleAssignments based on userID method in UserRolesController
2019-10-31 13:00:39.800 +05:30 [Information] Returning result from GetUserRoleAssignments based on userID method in UserRolesController
2019-10-31 13:01:46.572 +05:30 [Information] Entered into UserProfileController
2019-10-31 13:01:46.582 +05:30 [Information] Returning result from GetUserBasicProfileByUserId method in UserAccountController
2019-10-31 13:01:46.604 +05:30 [Information] Entered into UserAccountController
2019-10-31 13:01:46.604 +05:30 [Information] Entered into CheckIsRejected method in UserAccountController
2019-10-31 13:01:46.613 +05:30 [Information] Returning result from CheckIsRejected method in UserAccountController
2019-10-31 13:01:46.618 +05:30 [Information] Entered into UserAccountController
2019-10-31 13:01:46.618 +05:30 [Information] Entered into CheckIsRejected method in UserAccountController
2019-10-31 13:01:46.625 +05:30 [Information] Entered into UserAccountController
2019-10-31 13:01:46.626 +05:30 [Information] Entered into CheckIsRejected method in UserAccountController
2019-10-31 13:01:46.627 +05:30 [Information] Returning result from CheckIsRejected method in UserAccountController
2019-10-31 13:01:46.630 +05:30 [Information] Returning result from CheckIsRejected method in UserAccountController
2019-10-31 13:01:46.650 +05:30 [Information] Entered into UserRolesController
2019-10-31 13:01:46.650 +05:30 [Information] Entered into GetUserRoleAssignments based on userID method in UserRolesController
2019-10-31 13:01:46.652 +05:30 [Information] Entered into UserAccountController
2019-10-31 13:01:46.652 +05:30 [Information] Entered into CheckIsRejected method in UserAccountController
2019-10-31 13:01:46.654 +05:30 [Information] Returning result from CheckIsRejected method in UserAccountController
2019-10-31 13:01:46.654 +05:30 [Information] Returning result from GetUserRoleAssignments based on userID method in UserRolesController
2019-10-31 13:01:46.667 +05:30 [Information] Entered into UserRolesController
2019-10-31 13:01:46.667 +05:30 [Information] Entered into GetUserRoleAssignments based on userID method in UserRolesController
2019-10-31 13:01:46.670 +05:30 [Information] Returning result from GetUserRoleAssignments based on userID method in UserRolesController
2019-10-31 13:01:47.480 +05:30 [Information] Entered into UserAccountController
2019-10-31 13:01:47.481 +05:30 [Information] Entered into CheckIsRejected method in UserAccountController
2019-10-31 13:01:47.488 +05:30 [Information] Returning result from CheckIsRejected method in UserAccountController
2019-10-31 13:01:47.512 +05:30 [Information] Entered into UserRolesController
2019-10-31 13:01:47.512 +05:30 [Information] Entered into GetUserRoleAssignments based on userID method in UserRolesController
2019-10-31 13:01:47.517 +05:30 [Information] Returning result from GetUserRoleAssignments based on userID method in UserRolesController
2019-10-31 13:02:03.974 +05:30 [Information] Entered into UserProfileController
2019-10-31 13:02:03.979 +05:30 [Information] Returning result from GetUserBasicProfileByUserId method in UserAccountController
2019-10-31 13:02:04.041 +05:30 [Information] Entered into UserAccountController
2019-10-31 13:02:04.041 +05:30 [Information] Entered into CheckIsRejected method in UserAccountController
2019-10-31 13:02:04.041 +05:30 [Information] Entered into UserAccountController
2019-10-31 13:02:04.042 +05:30 [Information] Entered into CheckIsRejected method in UserAccountController
2019-10-31 13:02:04.044 +05:30 [Information] Entered into UserAccountController
2019-10-31 13:02:04.044 +05:30 [Information] Returning result from CheckIsRejected method in UserAccountController
2019-10-31 13:02:04.045 +05:30 [Information] Entered into CheckIsRejected method in UserAccountController
2019-10-31 13:02:04.050 +05:30 [Information] Returning result from CheckIsRejected method in UserAccountController
2019-10-31 13:02:04.051 +05:30 [Information] Returning result from CheckIsRejected method in UserAccountController
2019-10-31 13:02:04.061 +05:30 [Information] Entered into UserRolesController
2019-10-31 13:02:04.061 +05:30 [Information] Entered into GetUserRoleAssignments based on userID method in UserRolesController
2019-10-31 13:02:04.067 +05:30 [Information] Returning result from GetUserRoleAssignments based on userID method in UserRolesController
2019-10-31 13:02:04.108 +05:30 [Information] Entered into UserAccountController
2019-10-31 13:02:04.108 +05:30 [Information] Entered into CheckIsRejected method in UserAccountController
2019-10-31 13:02:04.112 +05:30 [Information] Returning result from CheckIsRejected method in UserAccountController
2019-10-31 13:02:04.131 +05:30 [Information] Entered into UserRolesController
2019-10-31 13:02:04.132 +05:30 [Information] Entered into GetUserRoleAssignments based on userID method in UserRolesController
2019-10-31 13:02:04.135 +05:30 [Information] Returning result from GetUserRoleAssignments based on userID method in UserRolesController
2019-10-31 13:02:04.792 +05:30 [Information] Entered into UserAccountController
2019-10-31 13:02:04.792 +05:30 [Information] Entered into CheckIsRejected method in UserAccountController
2019-10-31 13:02:04.795 +05:30 [Information] Returning result from CheckIsRejected method in UserAccountController
2019-10-31 13:02:04.824 +05:30 [Information] Entered into UserRolesController
2019-10-31 13:02:04.824 +05:30 [Information] Entered into GetUserRoleAssignments based on userID method in UserRolesController
2019-10-31 13:02:04.839 +05:30 [Information] Returning result from GetUserRoleAssignments based on userID method in UserRolesController
2019-10-31 13:02:28.086 +05:30 [Information] Entered into UserProfileController
2019-10-31 13:02:28.103 +05:30 [Information] Returning result from GetUserBasicProfileByUserId method in UserAccountController
2019-10-31 13:02:28.211 +05:30 [Information] Entered into UserAccountController
2019-10-31 13:02:28.211 +05:30 [Information] Entered into UserAccountController
2019-10-31 13:02:28.211 +05:30 [Information] Entered into CheckIsRejected method in UserAccountController
2019-10-31 13:02:28.211 +05:30 [Information] Entered into CheckIsRejected method in UserAccountController
2019-10-31 13:02:28.215 +05:30 [Information] Entered into UserAccountController
2019-10-31 13:02:28.215 +05:30 [Information] Entered into CheckIsRejected method in UserAccountController
2019-10-31 13:02:28.222 +05:30 [Information] Returning result from CheckIsRejected method in UserAccountController
2019-10-31 13:02:28.222 +05:30 [Information] Returning result from CheckIsRejected method in UserAccountController
2019-10-31 13:02:28.222 +05:30 [Information] Returning result from CheckIsRejected method in UserAccountController
2019-10-31 13:02:28.252 +05:30 [Information] Entered into UserRolesController
2019-10-31 13:02:28.252 +05:30 [Information] Entered into GetUserRoleAssignments based on userID method in UserRolesController
2019-10-31 13:02:28.260 +05:30 [Information] Returning result from GetUserRoleAssignments based on userID method in UserRolesController
2019-10-31 13:02:28.261 +05:30 [Information] Entered into UserAccountController
2019-10-31 13:02:28.261 +05:30 [Information] Entered into CheckIsRejected method in UserAccountController
2019-10-31 13:02:28.270 +05:30 [Information] Returning result from CheckIsRejected method in UserAccountController
2019-10-31 13:02:28.313 +05:30 [Information] Entered into UserRolesController
2019-10-31 13:02:28.313 +05:30 [Information] Entered into GetUserRoleAssignments based on userID method in UserRolesController
2019-10-31 13:02:28.319 +05:30 [Information] Returning result from GetUserRoleAssignments based on userID method in UserRolesController
2019-10-31 13:02:29.040 +05:30 [Information] Entered into UserAccountController
2019-10-31 13:02:29.040 +05:30 [Information] Entered into CheckIsRejected method in UserAccountController
2019-10-31 13:02:29.051 +05:30 [Information] Returning result from CheckIsRejected method in UserAccountController
2019-10-31 13:02:29.075 +05:30 [Information] Entered into UserRolesController
2019-10-31 13:02:29.075 +05:30 [Information] Entered into GetUserRoleAssignments based on userID method in UserRolesController
2019-10-31 13:02:29.086 +05:30 [Information] Returning result from GetUserRoleAssignments based on userID method in UserRolesController
2019-10-31 13:03:21.587 +05:30 [Information] Entered into UserProfileController
2019-10-31 13:03:21.598 +05:30 [Information] Returning result from GetUserBasicProfileByUserId method in UserAccountController
2019-10-31 13:03:21.628 +05:30 [Information] Entered into UserAccountController
2019-10-31 13:03:21.628 +05:30 [Information] Entered into CheckIsRejected method in UserAccountController
2019-10-31 13:03:21.630 +05:30 [Information] Entered into UserAccountController
2019-10-31 13:03:21.631 +05:30 [Information] Entered into UserAccountController
2019-10-31 13:03:21.631 +05:30 [Information] Entered into CheckIsRejected method in UserAccountController
2019-10-31 13:03:21.631 +05:30 [Information] Entered into CheckIsRejected method in UserAccountController
2019-10-31 13:03:21.636 +05:30 [Information] Returning result from CheckIsRejected method in UserAccountController
2019-10-31 13:03:21.637 +05:30 [Information] Returning result from CheckIsRejected method in UserAccountController
2019-10-31 13:03:21.638 +05:30 [Information] Returning result from CheckIsRejected method in UserAccountController
2019-10-31 13:03:21.676 +05:30 [Information] Entered into UserAccountController
2019-10-31 13:03:21.676 +05:30 [Information] Entered into UserRolesController
2019-10-31 13:03:21.676 +05:30 [Information] Entered into CheckIsRejected method in UserAccountController
2019-10-31 13:03:21.676 +05:30 [Information] Entered into GetUserRoleAssignments based on userID method in UserRolesController
2019-10-31 13:03:21.685 +05:30 [Information] Returning result from CheckIsRejected method in UserAccountController
2019-10-31 13:03:21.687 +05:30 [Information] Returning result from GetUserRoleAssignments based on userID method in UserRolesController
2019-10-31 13:03:21.700 +05:30 [Information] Entered into UserRolesController
2019-10-31 13:03:21.700 +05:30 [Information] Entered into GetUserRoleAssignments based on userID method in UserRolesController
2019-10-31 13:03:21.703 +05:30 [Information] Returning result from GetUserRoleAssignments based on userID method in UserRolesController
2019-10-31 13:03:22.435 +05:30 [Information] Entered into UserAccountController
2019-10-31 13:03:22.435 +05:30 [Information] Entered into CheckIsRejected method in UserAccountController
2019-10-31 13:03:22.444 +05:30 [Information] Returning result from CheckIsRejected method in UserAccountController
2019-10-31 13:03:22.457 +05:30 [Information] Entered into UserRolesController
2019-10-31 13:03:22.457 +05:30 [Information] Entered into GetUserRoleAssignments based on userID method in UserRolesController
2019-10-31 13:03:22.460 +05:30 [Information] Returning result from GetUserRoleAssignments based on userID method in UserRolesController
2019-10-31 13:04:17.498 +05:30 [Information] Entered into UserProfileController
2019-10-31 13:04:17.505 +05:30 [Information] Returning result from GetUserBasicProfileByUserId method in UserAccountController
2019-10-31 13:04:17.547 +05:30 [Information] Entered into UserAccountController
2019-10-31 13:04:17.550 +05:30 [Information] Entered into CheckIsRejected method in UserAccountController
2019-10-31 13:04:17.553 +05:30 [Information] Returning result from CheckIsRejected method in UserAccountController
2019-10-31 13:04:17.557 +05:30 [Information] Entered into UserAccountController
2019-10-31 13:04:17.557 +05:30 [Information] Entered into UserAccountController
2019-10-31 13:04:17.557 +05:30 [Information] Entered into CheckIsRejected method in UserAccountController
2019-10-31 13:04:17.557 +05:30 [Information] Entered into CheckIsRejected method in UserAccountController
2019-10-31 13:04:17.560 +05:30 [Information] Returning result from CheckIsRejected method in UserAccountController
2019-10-31 13:04:17.561 +05:30 [Information] Returning result from CheckIsRejected method in UserAccountController
2019-10-31 13:04:17.573 +05:30 [Information] Entered into UserRolesController
2019-10-31 13:04:17.573 +05:30 [Information] Entered into GetUserRoleAssignments based on userID method in UserRolesController
2019-10-31 13:04:17.578 +05:30 [Information] Returning result from GetUserRoleAssignments based on userID method in UserRolesController
2019-10-31 13:04:17.606 +05:30 [Information] Entered into UserAccountController
2019-10-31 13:04:17.606 +05:30 [Information] Entered into CheckIsRejected method in UserAccountController
2019-10-31 13:04:17.609 +05:30 [Information] Returning result from CheckIsRejected method in UserAccountController
2019-10-31 13:04:17.620 +05:30 [Information] Entered into UserRolesController
2019-10-31 13:04:17.620 +05:30 [Information] Entered into GetUserRoleAssignments based on userID method in UserRolesController
2019-10-31 13:04:17.622 +05:30 [Information] Returning result from GetUserRoleAssignments based on userID method in UserRolesController
2019-10-31 13:04:18.789 +05:30 [Information] Entered into UserAccountController
2019-10-31 13:04:18.789 +05:30 [Information] Entered into CheckIsRejected method in UserAccountController
2019-10-31 13:04:18.797 +05:30 [Information] Returning result from CheckIsRejected method in UserAccountController
2019-10-31 13:04:18.845 +05:30 [Information] Entered into UserRolesController
2019-10-31 13:04:18.845 +05:30 [Information] Entered into GetUserRoleAssignments based on userID method in UserRolesController
2019-10-31 13:04:18.864 +05:30 [Information] Returning result from GetUserRoleAssignments based on userID method in UserRolesController
2019-10-31 13:05:37.703 +05:30 [Information] Entered into UserProfileController
2019-10-31 13:05:37.708 +05:30 [Information] Returning result from GetUserBasicProfileByUserId method in UserAccountController
2019-10-31 13:05:37.753 +05:30 [Information] Entered into UserAccountController
2019-10-31 13:05:37.754 +05:30 [Information] Entered into CheckIsRejected method in UserAccountController
2019-10-31 13:05:37.757 +05:30 [Information] Returning result from CheckIsRejected method in UserAccountController
2019-10-31 13:05:37.758 +05:30 [Information] Entered into UserAccountController
2019-10-31 13:05:37.758 +05:30 [Information] Entered into CheckIsRejected method in UserAccountController
2019-10-31 13:05:37.760 +05:30 [Information] Returning result from CheckIsRejected method in UserAccountController
2019-10-31 13:05:37.761 +05:30 [Information] Entered into UserAccountController
2019-10-31 13:05:37.761 +05:30 [Information] Entered into CheckIsRejected method in UserAccountController
2019-10-31 13:05:37.764 +05:30 [Information] Returning result from CheckIsRejected method in UserAccountController
2019-10-31 13:05:37.779 +05:30 [Information] Entered into UserRolesController
2019-10-31 13:05:37.779 +05:30 [Information] Entered into GetUserRoleAssignments based on userID method in UserRolesController
2019-10-31 13:05:37.786 +05:30 [Information] Returning result from GetUserRoleAssignments based on userID method in UserRolesController
2019-10-31 13:05:37.808 +05:30 [Information] Entered into UserAccountController
2019-10-31 13:05:37.808 +05:30 [Information] Entered into CheckIsRejected method in UserAccountController
2019-10-31 13:05:37.811 +05:30 [Information] Returning result from CheckIsRejected method in UserAccountController
2019-10-31 13:05:37.825 +05:30 [Information] Entered into UserRolesController
2019-10-31 13:05:37.825 +05:30 [Information] Entered into GetUserRoleAssignments based on userID method in UserRolesController
2019-10-31 13:05:37.827 +05:30 [Information] Returning result from GetUserRoleAssignments based on userID method in UserRolesController
2019-10-31 13:05:38.132 +05:30 [Information] Entered into UserAccountController
2019-10-31 13:05:38.132 +05:30 [Information] Entered into CheckIsRejected method in UserAccountController
2019-10-31 13:05:38.139 +05:30 [Information] Returning result from CheckIsRejected method in UserAccountController
2019-10-31 13:05:38.162 +05:30 [Information] Entered into UserRolesController
2019-10-31 13:05:38.162 +05:30 [Information] Entered into GetUserRoleAssignments based on userID method in UserRolesController
2019-10-31 13:05:38.166 +05:30 [Information] Returning result from GetUserRoleAssignments based on userID method in UserRolesController
2019-10-31 13:11:55.721 +05:30 [Information] Entered into UserProfileController
2019-10-31 13:11:55.729 +05:30 [Information] Returning result from GetUserBasicProfileByUserId method in UserAccountController
2019-10-31 13:11:55.756 +05:30 [Information] Entered into UserAccountController
2019-10-31 13:11:55.756 +05:30 [Information] Entered into CheckIsRejected method in UserAccountController
2019-10-31 13:11:55.759 +05:30 [Information] Returning result from CheckIsRejected method in UserAccountController
2019-10-31 13:11:55.766 +05:30 [Information] Entered into UserAccountController
2019-10-31 13:11:55.769 +05:30 [Information] Entered into CheckIsRejected method in UserAccountController
2019-10-31 13:11:55.769 +05:30 [Information] Entered into UserAccountController
2019-10-31 13:11:55.769 +05:30 [Information] Entered into CheckIsRejected method in UserAccountController
2019-10-31 13:11:55.776 +05:30 [Information] Returning result from CheckIsRejected method in UserAccountController
2019-10-31 13:11:55.777 +05:30 [Information] Returning result from CheckIsRejected method in UserAccountController
2019-10-31 13:11:55.793 +05:30 [Information] Entered into UserRolesController
2019-10-31 13:11:55.793 +05:30 [Information] Entered into GetUserRoleAssignments based on userID method in UserRolesController
2019-10-31 13:11:55.797 +05:30 [Information] Returning result from GetUserRoleAssignments based on userID method in UserRolesController
2019-10-31 13:11:55.808 +05:30 [Information] Entered into UserAccountController
2019-10-31 13:11:55.808 +05:30 [Information] Entered into CheckIsRejected method in UserAccountController
2019-10-31 13:11:55.811 +05:30 [Information] Returning result from CheckIsRejected method in UserAccountController
2019-10-31 13:11:55.822 +05:30 [Information] Entered into UserRolesController
2019-10-31 13:11:55.822 +05:30 [Information] Entered into GetUserRoleAssignments based on userID method in UserRolesController
2019-10-31 13:11:55.824 +05:30 [Information] Returning result from GetUserRoleAssignments based on userID method in UserRolesController
2019-10-31 13:11:56.178 +05:30 [Information] Entered into UserAccountController
2019-10-31 13:11:56.179 +05:30 [Information] Entered into CheckIsRejected method in UserAccountController
2019-10-31 13:11:56.181 +05:30 [Information] Returning result from CheckIsRejected method in UserAccountController
2019-10-31 13:11:56.192 +05:30 [Information] Entered into UserRolesController
2019-10-31 13:11:56.192 +05:30 [Information] Entered into GetUserRoleAssignments based on userID method in UserRolesController
2019-10-31 13:11:56.194 +05:30 [Information] Returning result from GetUserRoleAssignments based on userID method in UserRolesController
2019-10-31 13:12:01.245 +05:30 [Information] Entered into UserAccountController
2019-10-31 13:12:01.245 +05:30 [Information] Entered into CheckIsRejected method in UserAccountController
2019-10-31 13:12:01.247 +05:30 [Information] Returning result from CheckIsRejected method in UserAccountController
2019-10-31 13:12:01.262 +05:30 [Information] Entered into UserRolesController
2019-10-31 13:12:01.262 +05:30 [Information] Entered into GetUserRoleAssignments based on userID method in UserRolesController
2019-10-31 13:12:01.265 +05:30 [Information] Returning result from GetUserRoleAssignments based on userID method in UserRolesController
2019-10-31 13:12:29.175 +05:30 [Information] Entered into UserProfileController
2019-10-31 13:12:29.185 +05:30 [Information] Returning result from GetUserBasicProfileByUserId method in UserAccountController
2019-10-31 13:12:29.215 +05:30 [Information] Entered into UserAccountController
2019-10-31 13:12:29.215 +05:30 [Information] Entered into CheckIsRejected method in UserAccountController
2019-10-31 13:12:29.234 +05:30 [Information] Returning result from CheckIsRejected method in UserAccountController
2019-10-31 13:12:29.239 +05:30 [Information] Entered into UserAccountController
2019-10-31 13:12:29.239 +05:30 [Information] Entered into CheckIsRejected method in UserAccountController
2019-10-31 13:12:29.243 +05:30 [Information] Entered into UserAccountController
2019-10-31 13:12:29.243 +05:30 [Information] Returning result from CheckIsRejected method in UserAccountController
2019-10-31 13:12:29.243 +05:30 [Information] Entered into CheckIsRejected method in UserAccountController
2019-10-31 13:12:29.247 +05:30 [Information] Returning result from CheckIsRejected method in UserAccountController
2019-10-31 13:12:29.291 +05:30 [Information] Entered into UserRolesController
2019-10-31 13:12:29.291 +05:30 [Information] Entered into GetUserRoleAssignments based on userID method in UserRolesController
2019-10-31 13:12:29.291 +05:30 [Information] Entered into UserAccountController
2019-10-31 13:12:29.292 +05:30 [Information] Entered into CheckIsRejected method in UserAccountController
2019-10-31 13:12:29.294 +05:30 [Information] Returning result from CheckIsRejected method in UserAccountController
2019-10-31 13:12:29.296 +05:30 [Information] Returning result from GetUserRoleAssignments based on userID method in UserRolesController
2019-10-31 13:12:29.304 +05:30 [Information] Entered into UserRolesController
2019-10-31 13:12:29.304 +05:30 [Information] Entered into GetUserRoleAssignments based on userID method in UserRolesController
2019-10-31 13:12:29.306 +05:30 [Information] Returning result from GetUserRoleAssignments based on userID method in UserRolesController
2019-10-31 13:12:29.680 +05:30 [Information] Entered into UserAccountController
2019-10-31 13:12:29.680 +05:30 [Information] Entered into CheckIsRejected method in UserAccountController
2019-10-31 13:12:29.683 +05:30 [Information] Returning result from CheckIsRejected method in UserAccountController
2019-10-31 13:12:29.697 +05:30 [Information] Entered into UserRolesController
2019-10-31 13:12:29.697 +05:30 [Information] Entered into GetUserRoleAssignments based on userID method in UserRolesController
2019-10-31 13:12:29.698 +05:30 [Information] Returning result from GetUserRoleAssignments based on userID method in UserRolesController
2019-10-31 13:12:34.421 +05:30 [Information] Entered into UserAccountController
2019-10-31 13:12:34.421 +05:30 [Information] Entered into CheckIsRejected method in UserAccountController
2019-10-31 13:12:34.424 +05:30 [Information] Returning result from CheckIsRejected method in UserAccountController
2019-10-31 13:12:34.434 +05:30 [Information] Entered into UserRolesController
2019-10-31 13:12:34.434 +05:30 [Information] Entered into GetUserRoleAssignments based on userID method in UserRolesController
2019-10-31 13:12:34.436 +05:30 [Information] Returning result from GetUserRoleAssignments based on userID method in UserRolesController
2019-10-31 13:13:32.754 +05:30 [Information] Entered into UserProfileController
2019-10-31 13:13:32.759 +05:30 [Information] Returning result from GetUserBasicProfileByUserId method in UserAccountController
2019-10-31 13:13:32.792 +05:30 [Information] Entered into UserAccountController
2019-10-31 13:13:32.792 +05:30 [Information] Entered into CheckIsRejected method in UserAccountController
2019-10-31 13:13:32.798 +05:30 [Information] Entered into UserAccountController
2019-10-31 13:13:32.798 +05:30 [Information] Entered into UserAccountController
2019-10-31 13:13:32.798 +05:30 [Information] Entered into CheckIsRejected method in UserAccountController
2019-10-31 13:13:32.798 +05:30 [Information] Entered into CheckIsRejected method in UserAccountController
2019-10-31 13:13:32.801 +05:30 [Information] Returning result from CheckIsRejected method in UserAccountController
2019-10-31 13:13:32.801 +05:30 [Information] Returning result from CheckIsRejected method in UserAccountController
2019-10-31 13:13:32.805 +05:30 [Information] Returning result from CheckIsRejected method in UserAccountController
2019-10-31 13:13:32.821 +05:30 [Information] Entered into UserRolesController
2019-10-31 13:13:32.821 +05:30 [Information] Entered into GetUserRoleAssignments based on userID method in UserRolesController
2019-10-31 13:13:32.825 +05:30 [Information] Returning result from GetUserRoleAssignments based on userID method in UserRolesController
2019-10-31 13:13:32.831 +05:30 [Information] Entered into UserAccountController
2019-10-31 13:13:32.831 +05:30 [Information] Entered into CheckIsRejected method in UserAccountController
2019-10-31 13:13:32.833 +05:30 [Information] Returning result from CheckIsRejected method in UserAccountController
2019-10-31 13:13:32.845 +05:30 [Information] Entered into UserRolesController
2019-10-31 13:13:32.845 +05:30 [Information] Entered into GetUserRoleAssignments based on userID method in UserRolesController
2019-10-31 13:13:32.847 +05:30 [Information] Returning result from GetUserRoleAssignments based on userID method in UserRolesController
2019-10-31 13:13:33.177 +05:30 [Information] Entered into UserAccountController
2019-10-31 13:13:33.177 +05:30 [Information] Entered into CheckIsRejected method in UserAccountController
2019-10-31 13:13:33.179 +05:30 [Information] Returning result from CheckIsRejected method in UserAccountController
2019-10-31 13:13:33.189 +05:30 [Information] Entered into UserRolesController
2019-10-31 13:13:33.189 +05:30 [Information] Entered into GetUserRoleAssignments based on userID method in UserRolesController
2019-10-31 13:13:33.191 +05:30 [Information] Returning result from GetUserRoleAssignments based on userID method in UserRolesController
2019-10-31 13:13:36.225 +05:30 [Information] Entered into UserAccountController
2019-10-31 13:13:36.226 +05:30 [Information] Entered into CheckIsRejected method in UserAccountController
2019-10-31 13:13:36.228 +05:30 [Information] Returning result from CheckIsRejected method in UserAccountController
2019-10-31 13:13:36.245 +05:30 [Information] Entered into UserRolesController
2019-10-31 13:13:36.245 +05:30 [Information] Entered into GetUserRoleAssignments based on userID method in UserRolesController
2019-10-31 13:13:36.247 +05:30 [Information] Returning result from GetUserRoleAssignments based on userID method in UserRolesController
2019-10-31 13:14:33.645 +05:30 [Information] Entered into UserProfileController
2019-10-31 13:14:33.651 +05:30 [Information] Returning result from GetUserBasicProfileByUserId method in UserAccountController
2019-10-31 13:14:33.702 +05:30 [Information] Entered into UserAccountController
2019-10-31 13:14:33.702 +05:30 [Information] Entered into UserAccountController
2019-10-31 13:14:33.702 +05:30 [Information] Entered into CheckIsRejected method in UserAccountController
2019-10-31 13:14:33.702 +05:30 [Information] Entered into CheckIsRejected method in UserAccountController
2019-10-31 13:14:33.702 +05:30 [Information] Entered into UserAccountController
2019-10-31 13:14:33.702 +05:30 [Information] Entered into CheckIsRejected method in UserAccountController
2019-10-31 13:14:33.705 +05:30 [Information] Returning result from CheckIsRejected method in UserAccountController
2019-10-31 13:14:33.706 +05:30 [Information] Returning result from CheckIsRejected method in UserAccountController
2019-10-31 13:14:33.706 +05:30 [Information] Returning result from CheckIsRejected method in UserAccountController
2019-10-31 13:14:33.724 +05:30 [Information] Entered into UserRolesController
2019-10-31 13:14:33.724 +05:30 [Information] Entered into GetUserRoleAssignments based on userID method in UserRolesController
2019-10-31 13:14:33.729 +05:30 [Information] Returning result from GetUserRoleAssignments based on userID method in UserRolesController
2019-10-31 13:14:33.750 +05:30 [Information] Entered into UserAccountController
2019-10-31 13:14:33.750 +05:30 [Information] Entered into CheckIsRejected method in UserAccountController
2019-10-31 13:14:33.753 +05:30 [Information] Returning result from CheckIsRejected method in UserAccountController
2019-10-31 13:14:33.763 +05:30 [Information] Entered into UserRolesController
2019-10-31 13:14:33.763 +05:30 [Information] Entered into GetUserRoleAssignments based on userID method in UserRolesController
2019-10-31 13:14:33.764 +05:30 [Information] Returning result from GetUserRoleAssignments based on userID method in UserRolesController
2019-10-31 13:14:34.088 +05:30 [Information] Entered into UserAccountController
2019-10-31 13:14:34.088 +05:30 [Information] Entered into CheckIsRejected method in UserAccountController
2019-10-31 13:14:34.090 +05:30 [Information] Returning result from CheckIsRejected method in UserAccountController
2019-10-31 13:14:34.098 +05:30 [Information] Entered into UserRolesController
2019-10-31 13:14:34.098 +05:30 [Information] Entered into GetUserRoleAssignments based on userID method in UserRolesController
2019-10-31 13:14:34.102 +05:30 [Information] Returning result from GetUserRoleAssignments based on userID method in UserRolesController
2019-10-31 13:14:36.724 +05:30 [Information] Entered into UserAccountController
2019-10-31 13:14:36.724 +05:30 [Information] Entered into CheckIsRejected method in UserAccountController
2019-10-31 13:14:36.728 +05:30 [Information] Returning result from CheckIsRejected method in UserAccountController
2019-10-31 13:14:36.739 +05:30 [Information] Entered into UserRolesController
2019-10-31 13:14:36.739 +05:30 [Information] Entered into GetUserRoleAssignments based on userID method in UserRolesController
2019-10-31 13:14:36.742 +05:30 [Information] Returning result from GetUserRoleAssignments based on userID method in UserRolesController
2019-10-31 13:15:08.098 +05:30 [Information] Entered into UserProfileController
2019-10-31 13:15:08.105 +05:30 [Information] Returning result from GetUserBasicProfileByUserId method in UserAccountController
2019-10-31 13:15:08.139 +05:30 [Information] Entered into UserAccountController
2019-10-31 13:15:08.139 +05:30 [Information] Entered into UserAccountController
2019-10-31 13:15:08.139 +05:30 [Information] Entered into UserAccountController
2019-10-31 13:15:08.139 +05:30 [Information] Entered into CheckIsRejected method in UserAccountController
2019-10-31 13:15:08.139 +05:30 [Information] Entered into CheckIsRejected method in UserAccountController
2019-10-31 13:15:08.139 +05:30 [Information] Entered into CheckIsRejected method in UserAccountController
2019-10-31 13:15:08.143 +05:30 [Information] Returning result from CheckIsRejected method in UserAccountController
2019-10-31 13:15:08.143 +05:30 [Information] Returning result from CheckIsRejected method in UserAccountController
2019-10-31 13:15:08.144 +05:30 [Information] Returning result from CheckIsRejected method in UserAccountController
2019-10-31 13:15:08.171 +05:30 [Information] Entered into UserRolesController
2019-10-31 13:15:08.171 +05:30 [Information] Entered into GetUserRoleAssignments based on userID method in UserRolesController
2019-10-31 13:15:08.176 +05:30 [Information] Returning result from GetUserRoleAssignments based on userID method in UserRolesController
2019-10-31 13:15:08.194 +05:30 [Information] Entered into UserAccountController
2019-10-31 13:15:08.194 +05:30 [Information] Entered into CheckIsRejected method in UserAccountController
2019-10-31 13:15:08.199 +05:30 [Information] Returning result from CheckIsRejected method in UserAccountController
2019-10-31 13:15:08.212 +05:30 [Information] Entered into UserRolesController
2019-10-31 13:15:08.212 +05:30 [Information] Entered into GetUserRoleAssignments based on userID method in UserRolesController
2019-10-31 13:15:08.216 +05:30 [Information] Returning result from GetUserRoleAssignments based on userID method in UserRolesController
2019-10-31 13:15:08.590 +05:30 [Information] Entered into UserAccountController
2019-10-31 13:15:08.590 +05:30 [Information] Entered into CheckIsRejected method in UserAccountController
2019-10-31 13:15:08.592 +05:30 [Information] Returning result from CheckIsRejected method in UserAccountController
2019-10-31 13:15:08.605 +05:30 [Information] Entered into UserRolesController
2019-10-31 13:15:08.605 +05:30 [Information] Entered into GetUserRoleAssignments based on userID method in UserRolesController
2019-10-31 13:15:08.607 +05:30 [Information] Returning result from GetUserRoleAssignments based on userID method in UserRolesController
2019-10-31 13:15:11.190 +05:30 [Information] Entered into UserAccountController
2019-10-31 13:15:11.190 +05:30 [Information] Entered into CheckIsRejected method in UserAccountController
2019-10-31 13:15:11.194 +05:30 [Information] Returning result from CheckIsRejected method in UserAccountController
2019-10-31 13:15:11.205 +05:30 [Information] Entered into UserRolesController
2019-10-31 13:15:11.205 +05:30 [Information] Entered into GetUserRoleAssignments based on userID method in UserRolesController
2019-10-31 13:15:11.207 +05:30 [Information] Returning result from GetUserRoleAssignments based on userID method in UserRolesController
2019-10-31 13:17:09.212 +05:30 [Information] Entered into UserProfileController
2019-10-31 13:17:09.220 +05:30 [Information] Returning result from GetUserBasicProfileByUserId method in UserAccountController
2019-10-31 13:17:09.246 +05:30 [Information] Entered into UserAccountController
2019-10-31 13:17:09.246 +05:30 [Information] Entered into UserAccountController
2019-10-31 13:17:09.246 +05:30 [Information] Entered into CheckIsRejected method in UserAccountController
2019-10-31 13:17:09.246 +05:30 [Information] Entered into CheckIsRejected method in UserAccountController
2019-10-31 13:17:09.275 +05:30 [Information] Returning result from CheckIsRejected method in UserAccountController
2019-10-31 13:17:09.275 +05:30 [Information] Returning result from CheckIsRejected method in UserAccountController
2019-10-31 13:17:09.276 +05:30 [Information] Entered into UserAccountController
2019-10-31 13:17:09.277 +05:30 [Information] Entered into CheckIsRejected method in UserAccountController
2019-10-31 13:17:09.279 +05:30 [Information] Returning result from CheckIsRejected method in UserAccountController
2019-10-31 13:17:09.295 +05:30 [Information] Entered into UserRolesController
2019-10-31 13:17:09.295 +05:30 [Information] Entered into GetUserRoleAssignments based on userID method in UserRolesController
2019-10-31 13:17:09.299 +05:30 [Information] Returning result from GetUserRoleAssignments based on userID method in UserRolesController
2019-10-31 13:17:09.311 +05:30 [Information] Entered into UserAccountController
2019-10-31 13:17:09.311 +05:30 [Information] Entered into CheckIsRejected method in UserAccountController
2019-10-31 13:17:09.312 +05:30 [Information] Returning result from CheckIsRejected method in UserAccountController
2019-10-31 13:17:09.322 +05:30 [Information] Entered into UserRolesController
2019-10-31 13:17:09.322 +05:30 [Information] Entered into GetUserRoleAssignments based on userID method in UserRolesController
2019-10-31 13:17:09.325 +05:30 [Information] Returning result from GetUserRoleAssignments based on userID method in UserRolesController
2019-10-31 13:17:09.629 +05:30 [Information] Entered into UserAccountController
2019-10-31 13:17:09.629 +05:30 [Information] Entered into CheckIsRejected method in UserAccountController
2019-10-31 13:17:09.631 +05:30 [Information] Returning result from CheckIsRejected method in UserAccountController
2019-10-31 13:17:09.642 +05:30 [Information] Entered into UserRolesController
2019-10-31 13:17:09.642 +05:30 [Information] Entered into GetUserRoleAssignments based on userID method in UserRolesController
2019-10-31 13:17:09.643 +05:30 [Information] Returning result from GetUserRoleAssignments based on userID method in UserRolesController
2019-10-31 13:17:13.798 +05:30 [Information] Entered into UserAccountController
2019-10-31 13:17:13.799 +05:30 [Information] Entered into CheckIsRejected method in UserAccountController
2019-10-31 13:17:13.802 +05:30 [Information] Returning result from CheckIsRejected method in UserAccountController
2019-10-31 13:17:13.810 +05:30 [Information] Entered into UserRolesController
2019-10-31 13:17:13.810 +05:30 [Information] Entered into GetUserRoleAssignments based on userID method in UserRolesController
2019-10-31 13:17:13.816 +05:30 [Information] Returning result from GetUserRoleAssignments based on userID method in UserRolesController
2019-10-31 13:17:35.330 +05:30 [Information] Entered into UserProfileController
2019-10-31 13:17:35.335 +05:30 [Information] Returning result from GetUserBasicProfileByUserId method in UserAccountController
2019-10-31 13:17:35.373 +05:30 [Information] Entered into UserAccountController
2019-10-31 13:17:35.374 +05:30 [Information] Entered into CheckIsRejected method in UserAccountController
2019-10-31 13:17:35.375 +05:30 [Information] Entered into UserAccountController
2019-10-31 13:17:35.376 +05:30 [Information] Entered into CheckIsRejected method in UserAccountController
2019-10-31 13:17:35.376 +05:30 [Information] Entered into UserAccountController
2019-10-31 13:17:35.376 +05:30 [Information] Entered into CheckIsRejected method in UserAccountController
2019-10-31 13:17:35.377 +05:30 [Information] Returning result from CheckIsRejected method in UserAccountController
2019-10-31 13:17:35.379 +05:30 [Information] Returning result from CheckIsRejected method in UserAccountController
2019-10-31 13:17:35.380 +05:30 [Information] Returning result from CheckIsRejected method in UserAccountController
2019-10-31 13:17:35.401 +05:30 [Information] Entered into UserRolesController
2019-10-31 13:17:35.402 +05:30 [Information] Entered into GetUserRoleAssignments based on userID method in UserRolesController
2019-10-31 13:17:35.407 +05:30 [Information] Returning result from GetUserRoleAssignments based on userID method in UserRolesController
2019-10-31 13:17:35.445 +05:30 [Information] Entered into UserAccountController
2019-10-31 13:17:35.446 +05:30 [Information] Entered into CheckIsRejected method in UserAccountController
2019-10-31 13:17:35.449 +05:30 [Information] Returning result from CheckIsRejected method in UserAccountController
2019-10-31 13:17:35.464 +05:30 [Information] Entered into UserRolesController
2019-10-31 13:17:35.464 +05:30 [Information] Entered into GetUserRoleAssignments based on userID method in UserRolesController
2019-10-31 13:17:35.467 +05:30 [Information] Returning result from GetUserRoleAssignments based on userID method in UserRolesController
2019-10-31 13:17:35.772 +05:30 [Information] Entered into UserAccountController
2019-10-31 13:17:35.772 +05:30 [Information] Entered into CheckIsRejected method in UserAccountController
2019-10-31 13:17:35.773 +05:30 [Information] Returning result from CheckIsRejected method in UserAccountController
2019-10-31 13:17:35.784 +05:30 [Information] Entered into UserRolesController
2019-10-31 13:17:35.784 +05:30 [Information] Entered into GetUserRoleAssignments based on userID method in UserRolesController
2019-10-31 13:17:35.785 +05:30 [Information] Returning result from GetUserRoleAssignments based on userID method in UserRolesController
2019-10-31 13:17:41.012 +05:30 [Information] Entered into UserAccountController
2019-10-31 13:17:41.012 +05:30 [Information] Entered into CheckIsRejected method in UserAccountController
2019-10-31 13:17:41.014 +05:30 [Information] Returning result from CheckIsRejected method in UserAccountController
2019-10-31 13:17:41.029 +05:30 [Information] Entered into UserRolesController
2019-10-31 13:17:41.029 +05:30 [Information] Entered into GetUserRoleAssignments based on userID method in UserRolesController
2019-10-31 13:17:41.031 +05:30 [Information] Returning result from GetUserRoleAssignments based on userID method in UserRolesController
2019-10-31 15:09:47.571 +05:30 [Information] Entered into UserProfileController
2019-10-31 15:09:47.572 +05:30 [Information] Entered into GetUserProfileStatus method in UserProfileController
2019-10-31 15:09:47.590 +05:30 [Information] Returning result from GetUserProfileStatus method in UserProfileController
2019-10-31 15:09:47.609 +05:30 [Information] Entered into TokenController
2019-10-31 15:09:47.611 +05:30 [Information] Entered into RequestToken method in TokenController
2019-10-31 15:09:47.746 +05:30 [Information] Returning result from RequestToken method in TokenController
2019-10-31 15:09:47.778 +05:30 [Information] Entered into TokenRefreshController
2019-10-31 15:09:47.778 +05:30 [Information] Entered into RequestToken method in TokenRefreshController
2019-10-31 15:09:47.799 +05:30 [Information] Returning result from RequestToken method in TokenRefreshController
2019-10-31 15:09:49.369 +05:30 [Information] Entered into UserProfileController
2019-10-31 15:09:49.373 +05:30 [Information] Returning result from GetUserBasicProfileByUserId method in UserAccountController
2019-10-31 15:09:49.402 +05:30 [Information] Entered into UserAccountController
2019-10-31 15:09:49.402 +05:30 [Information] Entered into CheckIsRejected method in UserAccountController
2019-10-31 15:09:49.412 +05:30 [Information] Returning result from CheckIsRejected method in UserAccountController
2019-10-31 15:09:49.425 +05:30 [Information] Entered into UserAccountController
2019-10-31 15:09:49.433 +05:30 [Information] Entered into CheckIsRejected method in UserAccountController
2019-10-31 15:09:49.434 +05:30 [Information] Entered into UserAccountController
2019-10-31 15:09:49.434 +05:30 [Information] Entered into CheckIsRejected method in UserAccountController
2019-10-31 15:09:49.450 +05:30 [Information] Returning result from CheckIsRejected method in UserAccountController
2019-10-31 15:09:49.450 +05:30 [Information] Returning result from CheckIsRejected method in UserAccountController
2019-10-31 15:09:49.467 +05:30 [Information] Entered into UserRolesController
2019-10-31 15:09:49.467 +05:30 [Information] Entered into GetUserRoleAssignments based on userID method in UserRolesController
2019-10-31 15:09:49.471 +05:30 [Information] Returning result from GetUserRoleAssignments based on userID method in UserRolesController
2019-10-31 15:09:49.509 +05:30 [Information] Entered into UserAccountController
2019-10-31 15:09:49.510 +05:30 [Information] Entered into CheckIsRejected method in UserAccountController
2019-10-31 15:09:49.513 +05:30 [Information] Returning result from CheckIsRejected method in UserAccountController
2019-10-31 15:09:49.523 +05:30 [Information] Entered into UserRolesController
2019-10-31 15:09:49.523 +05:30 [Information] Entered into GetUserRoleAssignments based on userID method in UserRolesController
2019-10-31 15:09:49.525 +05:30 [Information] Returning result from GetUserRoleAssignments based on userID method in UserRolesController
2019-10-31 15:09:49.705 +05:30 [Information] Entered into UserAccountController
2019-10-31 15:09:49.705 +05:30 [Information] Entered into CheckIsRejected method in UserAccountController
2019-10-31 15:09:49.706 +05:30 [Information] Returning result from CheckIsRejected method in UserAccountController
2019-10-31 15:09:49.720 +05:30 [Information] Entered into UserRolesController
2019-10-31 15:09:49.721 +05:30 [Information] Entered into GetUserRoleAssignments based on userID method in UserRolesController
2019-10-31 15:09:49.723 +05:30 [Information] Returning result from GetUserRoleAssignments based on userID method in UserRolesController
2019-10-31 15:09:56.293 +05:30 [Information] Entered into UserAccountController
2019-10-31 15:09:56.293 +05:30 [Information] Entered into CheckIsRejected method in UserAccountController
2019-10-31 15:09:56.295 +05:30 [Information] Returning result from CheckIsRejected method in UserAccountController
2019-10-31 15:09:56.303 +05:30 [Information] Entered into UserRolesController
2019-10-31 15:09:56.303 +05:30 [Information] Entered into GetUserRoleAssignments based on userID method in UserRolesController
2019-10-31 15:09:56.308 +05:30 [Information] Returning result from GetUserRoleAssignments based on userID method in UserRolesController
