2019-10-29 12:11:15.121 +05:30 [Information] On Connected Method Start
2019-10-29 12:11:15.133 +05:30 [Information] Connection ID : 6XbqOwt46QA0-v8yYmoR1A
2019-10-29 12:11:15.134 +05:30 [Information] On Connected Method End
2019-10-29 12:11:16.233 +05:30 [Information] On Subscribe Method Start
2019-10-29 12:11:16.233 +05:30 [Information] Connection ID : 6XbqOwt46QA0-v8yYmoR1A
2019-10-29 12:11:16.233 +05:30 [Information] userId : aa663ce6-76d8-4faa-99b4-7e55a508b16b
2019-10-29 12:11:16.233 +05:30 [Information] modules count : 81
2019-10-29 12:11:16.236 +05:30 [Information] On Subscribe Method End
2019-10-29 12:12:31.530 +05:30 [Information] On Connected Method Start
2019-10-29 12:12:31.530 +05:30 [Information] Connection ID : 689cWGedKQzBEiBoGOINvg
2019-10-29 12:12:31.530 +05:30 [Information] On Connected Method End
2019-10-29 12:12:32.054 +05:30 [Information] On Subscribe Method Start
2019-10-29 12:12:32.054 +05:30 [Information] Connection ID : 689cWGedKQzBEiBoGOINvg
2019-10-29 12:12:32.054 +05:30 [Information] userId : aa663ce6-76d8-4faa-99b4-7e55a508b16b
2019-10-29 12:12:32.054 +05:30 [Information] modules count : 81
2019-10-29 12:12:32.055 +05:30 [Information] On Subscribe Method End
2019-10-29 12:13:43.470 +05:30 [Information] On Connected Method Start
2019-10-29 12:13:43.478 +05:30 [Information] Connection ID : zayCcwV7ibVqwdnrY6vIMw
2019-10-29 12:13:43.478 +05:30 [Information] On Connected Method End
2019-10-29 12:13:44.087 +05:30 [Information] On Subscribe Method Start
2019-10-29 12:13:44.087 +05:30 [Information] Connection ID : zayCcwV7ibVqwdnrY6vIMw
2019-10-29 12:13:44.087 +05:30 [Information] userId : aa663ce6-76d8-4faa-99b4-7e55a508b16b
2019-10-29 12:13:44.087 +05:30 [Information] modules count : 81
2019-10-29 12:13:44.088 +05:30 [Information] On Subscribe Method End
2019-10-29 12:14:19.470 +05:30 [Information] On Connected Method Start
2019-10-29 12:14:19.470 +05:30 [Information] Connection ID : kh8NefFNfey0WizGoAE4ug
2019-10-29 12:14:19.470 +05:30 [Information] On Connected Method End
2019-10-29 12:14:20.236 +05:30 [Information] On Subscribe Method Start
2019-10-29 12:14:20.236 +05:30 [Information] Connection ID : kh8NefFNfey0WizGoAE4ug
2019-10-29 12:14:20.236 +05:30 [Information] userId : aa663ce6-76d8-4faa-99b4-7e55a508b16b
2019-10-29 12:14:20.236 +05:30 [Information] modules count : 81
2019-10-29 12:14:20.237 +05:30 [Information] On Subscribe Method End
2019-10-29 12:15:15.063 +05:30 [Information] On Disconnected
2019-10-29 12:15:15.063 +05:30 [Information] Connection ID : zayCcwV7ibVqwdnrY6vIMw
2019-10-29 12:15:15.064 +05:30 [Information] On UnSubscribe Method Start
2019-10-29 12:15:15.064 +05:30 [Information] Connection ID : zayCcwV7ibVqwdnrY6vIMw
2019-10-29 12:15:15.064 +05:30 [Information] modules count : 81
2019-10-29 12:15:15.065 +05:30 [Information] On UnSubscribe Method End
2019-10-29 12:15:15.065 +05:30 [Information] logging parameters in OnDisconnected
2019-10-29 12:15:15.065 +05:30 [Information] On Disconnected Method End
2019-10-29 12:16:33.229 +05:30 [Information] On Connected Method Start
2019-10-29 12:16:33.237 +05:30 [Information] Connection ID : s417dtMqgczSkjlmQ7N7qg
2019-10-29 12:16:33.237 +05:30 [Information] On Connected Method End
2019-10-29 12:16:33.453 +05:30 [Information] On Subscribe Method Start
2019-10-29 12:16:33.453 +05:30 [Information] Connection ID : s417dtMqgczSkjlmQ7N7qg
2019-10-29 12:16:33.453 +05:30 [Information] userId : aa663ce6-76d8-4faa-99b4-7e55a508b16b
2019-10-29 12:16:33.453 +05:30 [Information] modules count : 81
2019-10-29 12:16:33.454 +05:30 [Information] On Subscribe Method End
2019-10-29 12:19:09.330 +05:30 [Information] On Connected Method Start
2019-10-29 12:19:09.330 +05:30 [Information] Connection ID : ftMZjC788wmPCk1toFsiQQ
2019-10-29 12:19:09.330 +05:30 [Information] On Connected Method End
2019-10-29 12:19:11.284 +05:30 [Information] On Subscribe Method Start
2019-10-29 12:19:11.284 +05:30 [Information] Connection ID : ftMZjC788wmPCk1toFsiQQ
2019-10-29 12:19:11.285 +05:30 [Information] userId : 90fddd6e-6ae6-40b8-9633-93d638a76b16
2019-10-29 12:19:11.285 +05:30 [Information] modules count : 79
2019-10-29 12:19:11.286 +05:30 [Information] On Subscribe Method End
2019-10-29 12:19:12.794 +05:30 [Information] On Connected Method Start
2019-10-29 12:19:12.795 +05:30 [Information] Connection ID : S54kU255Rf2WbeGZCb1v8w
2019-10-29 12:19:12.795 +05:30 [Information] On Connected Method End
2019-10-29 12:19:13.220 +05:30 [Information] On Subscribe Method Start
2019-10-29 12:19:13.220 +05:30 [Information] Connection ID : S54kU255Rf2WbeGZCb1v8w
2019-10-29 12:19:13.220 +05:30 [Information] userId : aa663ce6-76d8-4faa-99b4-7e55a508b16b
2019-10-29 12:19:13.220 +05:30 [Information] modules count : 81
2019-10-29 12:19:13.220 +05:30 [Information] On Subscribe Method End
2019-10-29 12:19:36.702 +05:30 [Information] On Disconnected
2019-10-29 12:19:36.702 +05:30 [Information] Connection ID : s417dtMqgczSkjlmQ7N7qg
2019-10-29 12:19:36.703 +05:30 [Information] On UnSubscribe Method Start
2019-10-29 12:19:36.703 +05:30 [Information] Connection ID : s417dtMqgczSkjlmQ7N7qg
2019-10-29 12:19:36.703 +05:30 [Information] modules count : 81
2019-10-29 12:19:36.703 +05:30 [Information] On UnSubscribe Method End
2019-10-29 12:19:36.703 +05:30 [Information] logging parameters in OnDisconnected
2019-10-29 12:19:36.703 +05:30 [Information] On Disconnected Method End
2019-10-29 12:22:34.823 +05:30 [Information] On Connected Method Start
2019-10-29 12:22:34.823 +05:30 [Information] Connection ID : qdYQKmMwoIxG5aNQaKowjA
2019-10-29 12:22:34.823 +05:30 [Information] On Connected Method End
2019-10-29 12:22:34.865 +05:30 [Information] On Connected Method Start
2019-10-29 12:22:34.865 +05:30 [Information] Connection ID : t_adbJZklRWOV2cKhhqtNw
2019-10-29 12:22:34.865 +05:30 [Information] On Connected Method End
2019-10-29 12:22:35.666 +05:30 [Information] On Subscribe Method Start
2019-10-29 12:22:35.666 +05:30 [Information] Connection ID : qdYQKmMwoIxG5aNQaKowjA
2019-10-29 12:22:35.666 +05:30 [Information] userId : 90fddd6e-6ae6-40b8-9633-93d638a76b16
2019-10-29 12:22:35.666 +05:30 [Information] modules count : 79
2019-10-29 12:22:35.666 +05:30 [Information] On Subscribe Method End
2019-10-29 12:22:35.913 +05:30 [Information] On Subscribe Method Start
2019-10-29 12:22:35.913 +05:30 [Information] Connection ID : t_adbJZklRWOV2cKhhqtNw
2019-10-29 12:22:35.913 +05:30 [Information] userId : aa663ce6-76d8-4faa-99b4-7e55a508b16b
2019-10-29 12:22:35.913 +05:30 [Information] modules count : 81
2019-10-29 12:22:35.914 +05:30 [Information] On Subscribe Method End
2019-10-29 12:26:13.210 +05:30 [Information] On Connected Method Start
2019-10-29 12:26:13.234 +05:30 [Information] Connection ID : iti37HtH3dhbi-YAQTnJyQ
2019-10-29 12:26:13.234 +05:30 [Information] On Connected Method End
2019-10-29 12:26:13.896 +05:30 [Information] On Subscribe Method Start
2019-10-29 12:26:13.896 +05:30 [Information] Connection ID : iti37HtH3dhbi-YAQTnJyQ
2019-10-29 12:26:13.896 +05:30 [Information] userId : 90fddd6e-6ae6-40b8-9633-93d638a76b16
2019-10-29 12:26:13.896 +05:30 [Information] modules count : 79
2019-10-29 12:26:13.898 +05:30 [Information] On Subscribe Method End
2019-10-29 12:27:14.494 +05:30 [Information] On Connected Method Start
2019-10-29 12:27:14.494 +05:30 [Information] Connection ID : EdqBY2OCbxesPiMf7-680g
2019-10-29 12:27:14.494 +05:30 [Information] On Connected Method End
2019-10-29 12:27:14.841 +05:30 [Information] On Subscribe Method Start
2019-10-29 12:27:14.841 +05:30 [Information] Connection ID : EdqBY2OCbxesPiMf7-680g
2019-10-29 12:27:14.841 +05:30 [Information] userId : 90fddd6e-6ae6-40b8-9633-93d638a76b16
2019-10-29 12:27:14.841 +05:30 [Information] modules count : 79
2019-10-29 12:27:14.842 +05:30 [Information] On Subscribe Method End
2019-10-29 12:27:35.151 +05:30 [Information] On Connected Method Start
2019-10-29 12:27:35.152 +05:30 [Information] Connection ID : IU73Lvey8A7CPpTf8_8X8g
2019-10-29 12:27:35.152 +05:30 [Information] On Connected Method End
2019-10-29 12:27:35.396 +05:30 [Information] On Subscribe Method Start
2019-10-29 12:27:35.396 +05:30 [Information] Connection ID : IU73Lvey8A7CPpTf8_8X8g
2019-10-29 12:27:35.396 +05:30 [Information] userId : 90fddd6e-6ae6-40b8-9633-93d638a76b16
2019-10-29 12:27:35.396 +05:30 [Information] modules count : 79
2019-10-29 12:27:35.397 +05:30 [Information] On Subscribe Method End
2019-10-29 12:28:13.587 +05:30 [Information] On Connected Method Start
2019-10-29 12:28:13.595 +05:30 [Information] Connection ID : yEZQOVT9lNCLLnBB8hOwQQ
2019-10-29 12:28:13.596 +05:30 [Information] On Connected Method End
2019-10-29 12:28:13.722 +05:30 [Information] On Subscribe Method Start
2019-10-29 12:28:13.722 +05:30 [Information] Connection ID : yEZQOVT9lNCLLnBB8hOwQQ
2019-10-29 12:28:13.722 +05:30 [Information] userId : 90fddd6e-6ae6-40b8-9633-93d638a76b16
2019-10-29 12:28:13.722 +05:30 [Information] modules count : 79
2019-10-29 12:28:13.723 +05:30 [Information] On Subscribe Method End
2019-10-29 12:34:29.096 +05:30 [Information] On Connected Method Start
2019-10-29 12:34:29.104 +05:30 [Information] Connection ID : yzp1vJQ3zu2EE6Mg5Crz2Q
2019-10-29 12:34:29.104 +05:30 [Information] On Connected Method End
2019-10-29 12:34:29.268 +05:30 [Information] On Subscribe Method Start
2019-10-29 12:34:29.268 +05:30 [Information] Connection ID : yzp1vJQ3zu2EE6Mg5Crz2Q
2019-10-29 12:34:29.268 +05:30 [Information] userId : 90fddd6e-6ae6-40b8-9633-93d638a76b16
2019-10-29 12:34:29.268 +05:30 [Information] modules count : 79
2019-10-29 12:34:29.269 +05:30 [Information] On Subscribe Method End
